  cl : Command line warning D9035 : option 'Gm' has been deprecated and will be removed in a future release
  TrainingFramework.cpp
  GSPlay.cpp
C:\Users\black\OneDrive\Máy tính\Dont_let_money_drop\TrainingFramework\src\GameStates\GSPlay.cpp(39,60): warning C4244:  'argument': conversion from 'int' to 'GLfloat', possible loss of data
C:\Users\black\OneDrive\Máy tính\Dont_let_money_drop\TrainingFramework\src\GameStates\GSPlay.cpp(39,42): warning C4244:  'argument': conversion from 'int' to 'GLfloat', possible loss of data
C:\Users\black\OneDrive\Máy tính\Dont_let_money_drop\TrainingFramework\src\GameStates\GSPlay.cpp(46,36): warning C4244:  'argument': conversion from 'int' to 'GLfloat', possible loss of data
C:\Users\black\OneDrive\Máy tính\Dont_let_money_drop\TrainingFramework\src\GameStates\GSPlay.cpp(57,56): warning C4244:  'argument': conversion from 'int' to 'GLfloat', possible loss of data
C:\Users\black\OneDrive\Máy tính\Dont_let_money_drop\TrainingFramework\src\GameStates\GSPlay.cpp(57,38): warning C4244:  'argument': conversion from 'int' to 'GLfloat', possible loss of data
C:\Users\black\OneDrive\Máy tính\Dont_let_money_drop\TrainingFramework\src\GameStates\GSPlay.cpp(58,55): warning C4244:  'argument': conversion from 'int' to 'GLfloat', possible loss of data
C:\Users\black\OneDrive\Máy tính\Dont_let_money_drop\TrainingFramework\src\GameStates\GSPlay.cpp(58,37): warning C4244:  'argument': conversion from 'int' to 'GLfloat', possible loss of data
C:\Program Files (x86)\Microsoft Visual Studio\2019\Community\VC\Tools\MSVC\14.22.27905\include\memory(1555,71): warning C4244:  'argument': conversion from '_Ty' to 'float', possible loss of data
C:\Program Files (x86)\Microsoft Visual Studio\2019\Community\VC\Tools\MSVC\14.22.27905\include\memory(1555,71): warning C4244:         with
C:\Program Files (x86)\Microsoft Visual Studio\2019\Community\VC\Tools\MSVC\14.22.27905\include\memory(1555,71): warning C4244:         [
C:\Program Files (x86)\Microsoft Visual Studio\2019\Community\VC\Tools\MSVC\14.22.27905\include\memory(1555,71): warning C4244:             _Ty=double
C:\Program Files (x86)\Microsoft Visual Studio\2019\Community\VC\Tools\MSVC\14.22.27905\include\memory(1555,71): warning C4244:         ]
C:\Program Files (x86)\Microsoft Visual Studio\2019\Community\VC\Tools\MSVC\14.22.27905\include\memory(1608): message :  see reference to function template instantiation 'std::_Ref_count_obj<_Ty>::_Ref_count_obj<std::shared_ptr<Shaders>&,std::shared_ptr<Font>&,const char(&)[9],TEXT_COLOR,double>(std::shared_ptr<Shaders> &,std::shared_ptr<Font> &,const char (&)[9],TEXT_COLOR &&,double &&)' being compiled
C:\Program Files (x86)\Microsoft Visual Studio\2019\Community\VC\Tools\MSVC\14.22.27905\include\memory(1608): message :         with
C:\Program Files (x86)\Microsoft Visual Studio\2019\Community\VC\Tools\MSVC\14.22.27905\include\memory(1608): message :         [
C:\Program Files (x86)\Microsoft Visual Studio\2019\Community\VC\Tools\MSVC\14.22.27905\include\memory(1608): message :             _Ty=Text
C:\Program Files (x86)\Microsoft Visual Studio\2019\Community\VC\Tools\MSVC\14.22.27905\include\memory(1608): message :         ]
C:\Program Files (x86)\Microsoft Visual Studio\2019\Community\VC\Tools\MSVC\14.22.27905\include\memory(1608): message :  see reference to function template instantiation 'std::_Ref_count_obj<_Ty>::_Ref_count_obj<std::shared_ptr<Shaders>&,std::shared_ptr<Font>&,const char(&)[9],TEXT_COLOR,double>(std::shared_ptr<Shaders> &,std::shared_ptr<Font> &,const char (&)[9],TEXT_COLOR &&,double &&)' being compiled
C:\Program Files (x86)\Microsoft Visual Studio\2019\Community\VC\Tools\MSVC\14.22.27905\include\memory(1608): message :         with
C:\Program Files (x86)\Microsoft Visual Studio\2019\Community\VC\Tools\MSVC\14.22.27905\include\memory(1608): message :         [
C:\Program Files (x86)\Microsoft Visual Studio\2019\Community\VC\Tools\MSVC\14.22.27905\include\memory(1608): message :             _Ty=Text
C:\Program Files (x86)\Microsoft Visual Studio\2019\Community\VC\Tools\MSVC\14.22.27905\include\memory(1608): message :         ]
  GSMenu.cpp
C:\Users\black\OneDrive\Máy tính\Dont_let_money_drop\TrainingFramework\src\GameStates\GSPlay.cpp(65): message :  see reference to function template instantiation 'std::shared_ptr<Text> std::make_shared<Text,std::shared_ptr<Shaders>&,std::shared_ptr<Font>&,const char(&)[9],TEXT_COLOR,double>(std::shared_ptr<Shaders> &,std::shared_ptr<Font> &,const char (&)[9],TEXT_COLOR &&,double &&)' being compiled
C:\Users\black\OneDrive\Máy tính\Dont_let_money_drop\TrainingFramework\src\GameStates\GSMenu.cpp(26,60): warning C4244:  'argument': conversion from 'int' to 'GLfloat', possible loss of data
C:\Users\black\OneDrive\Máy tính\Dont_let_money_drop\TrainingFramework\src\GameStates\GSMenu.cpp(26,42): warning C4244:  'argument': conversion from 'int' to 'GLfloat', possible loss of data
C:\Users\black\OneDrive\Máy tính\Dont_let_money_drop\TrainingFramework\src\GameStates\GSMenu.cpp(32,36): warning C4244:  'argument': conversion from 'int' to 'GLfloat', possible loss of data
C:\Users\black\OneDrive\Máy tính\Dont_let_money_drop\TrainingFramework\src\GameStates\GSMenu.cpp(43,36): warning C4244:  'argument': conversion from 'int' to 'GLfloat', possible loss of data
C:\Users\black\OneDrive\Máy tính\Dont_let_money_drop\TrainingFramework\src\GameStates\GSMenu.cpp(53,36): warning C4244:  'argument': conversion from 'int' to 'GLfloat', possible loss of data
C:\Users\black\OneDrive\Máy tính\Dont_let_money_drop\TrainingFramework\src\GameStates\GSMenu.cpp(65,57): warning C4244:  'argument': conversion from 'int' to 'GLfloat', possible loss of data
C:\Program Files (x86)\Microsoft Visual Studio\2019\Community\VC\Tools\MSVC\14.22.27905\include\memory(1555,71): warning C4244:  'argument': conversion from '_Ty' to 'float', possible loss of data
C:\Program Files (x86)\Microsoft Visual Studio\2019\Community\VC\Tools\MSVC\14.22.27905\include\memory(1555,71): warning C4244:         with
C:\Program Files (x86)\Microsoft Visual Studio\2019\Community\VC\Tools\MSVC\14.22.27905\include\memory(1555,71): warning C4244:         [
C:\Program Files (x86)\Microsoft Visual Studio\2019\Community\VC\Tools\MSVC\14.22.27905\include\memory(1555,71): warning C4244:             _Ty=double
C:\Program Files (x86)\Microsoft Visual Studio\2019\Community\VC\Tools\MSVC\14.22.27905\include\memory(1555,71): warning C4244:         ]
C:\Program Files (x86)\Microsoft Visual Studio\2019\Community\VC\Tools\MSVC\14.22.27905\include\memory(1608): message :  see reference to function template instantiation 'std::_Ref_count_obj<_Ty>::_Ref_count_obj<std::shared_ptr<Shaders>&,std::shared_ptr<Font>&,const char(&)[12],TEXT_COLOR,double>(std::shared_ptr<Shaders> &,std::shared_ptr<Font> &,const char (&)[12],TEXT_COLOR &&,double &&)' being compiled
C:\Program Files (x86)\Microsoft Visual Studio\2019\Community\VC\Tools\MSVC\14.22.27905\include\memory(1608): message :         with
C:\Program Files (x86)\Microsoft Visual Studio\2019\Community\VC\Tools\MSVC\14.22.27905\include\memory(1608): message :         [
C:\Program Files (x86)\Microsoft Visual Studio\2019\Community\VC\Tools\MSVC\14.22.27905\include\memory(1608): message :             _Ty=Text
C:\Program Files (x86)\Microsoft Visual Studio\2019\Community\VC\Tools\MSVC\14.22.27905\include\memory(1608): message :         ]
C:\Program Files (x86)\Microsoft Visual Studio\2019\Community\VC\Tools\MSVC\14.22.27905\include\memory(1608): message :  see reference to function template instantiation 'std::_Ref_count_obj<_Ty>::_Ref_count_obj<std::shared_ptr<Shaders>&,std::shared_ptr<Font>&,const char(&)[12],TEXT_COLOR,double>(std::shared_ptr<Shaders> &,std::shared_ptr<Font> &,const char (&)[12],TEXT_COLOR &&,double &&)' being compiled
C:\Program Files (x86)\Microsoft Visual Studio\2019\Community\VC\Tools\MSVC\14.22.27905\include\memory(1608): message :         with
C:\Program Files (x86)\Microsoft Visual Studio\2019\Community\VC\Tools\MSVC\14.22.27905\include\memory(1608): message :         [
C:\Program Files (x86)\Microsoft Visual Studio\2019\Community\VC\Tools\MSVC\14.22.27905\include\memory(1608): message :             _Ty=Text
C:\Program Files (x86)\Microsoft Visual Studio\2019\Community\VC\Tools\MSVC\14.22.27905\include\memory(1608): message :         ]
  GSIntro.cpp
C:\Users\black\OneDrive\Máy tính\Dont_let_money_drop\TrainingFramework\src\GameStates\GSMenu.cpp(64): message :  see reference to function template instantiation 'std::shared_ptr<Text> std::make_shared<Text,std::shared_ptr<Shaders>&,std::shared_ptr<Font>&,const char(&)[12],TEXT_COLOR,double>(std::shared_ptr<Shaders> &,std::shared_ptr<Font> &,const char (&)[12],TEXT_COLOR &&,double &&)' being compiled
C:\Users\black\OneDrive\Máy tính\Dont_let_money_drop\TrainingFramework\src\GameStates\GSIntro.cpp(26,54): warning C4244:  'argument': conversion from 'int' to 'GLfloat', possible loss of data
  GameStateMachine.cpp
  GameStatebase.cpp
  Texture.cpp
  Text.cpp
C:\Users\black\OneDrive\Máy tính\Dont_let_money_drop\TrainingFramework\src\GameStates\GSIntro.cpp(26,36): warning C4244:  'argument': conversion from 'int' to 'GLfloat', possible loss of data
C:\Users\black\OneDrive\Máy tính\Dont_let_money_drop\TrainingFramework\src\GameObject\Text.cpp(24,11): warning C4244:  'initializing': conversion from 'double' to 'float', possible loss of data
C:\Users\black\OneDrive\Máy tính\Dont_let_money_drop\TrainingFramework\src\GameObject\Text.cpp(25,11): warning C4244:  'initializing': conversion from 'double' to 'float', possible loss of data
C:\Users\black\OneDrive\Máy tính\Dont_let_money_drop\TrainingFramework\src\GameObject\Text.cpp(171,11): warning C4244:  'initializing': conversion from 'double' to 'float', possible loss of data
C:\Users\black\OneDrive\Máy tính\Dont_let_money_drop\TrainingFramework\src\GameObject\Text.cpp(172,11): warning C4244:  'initializing': conversion from 'double' to 'float', possible loss of data
C:\Users\black\OneDrive\Máy tính\Dont_let_money_drop\TrainingFramework\src\GameObject\Text.cpp(182,11): warning C4244:  'initializing': conversion from 'double' to 'float', possible loss of data
  Sword.cpp
  Shaders.cpp
C:\Users\black\OneDrive\Máy tính\Dont_let_money_drop\TrainingFramework\src\GameObject\Text.cpp(183,11): warning C4244:  'initializing': conversion from 'double' to 'float', possible loss of data
C:\Users\black\OneDrive\Máy tính\Dont_let_money_drop\TrainingFramework\src\GameObject\Shaders.cpp(21,2): warning C4477:  'printf' : format string '%s' requires an argument of type 'char *', but variadic argument 1 has type 'const std::string'
C:\Users\black\OneDrive\Máy tính\Dont_let_money_drop\TrainingFramework\src\GameObject\Shaders.cpp(21,2): warning C4477:  'printf' : format string '%s' requires an argument of type 'char *', but variadic argument 2 has type 'const std::string'
C:\Users\black\OneDrive\Máy tính\Dont_let_money_drop\TrainingFramework\src\GameObject\Shaders.cpp(25,3): warning C4477:  'printf' : format string '%s' requires an argument of type 'char *', but variadic argument 1 has type 'const std::string'
C:\Users\black\OneDrive\Máy tính\Dont_let_money_drop\TrainingFramework\src\GameObject\Shaders.cpp(32,3): warning C4477:  'printf' : format string '%s' requires an argument of type 'char *', but variadic argument 1 has type 'const std::string'
C:\Users\black\OneDrive\Máy tính\Dont_let_money_drop\TrainingFramework\src\GameObject\Shaders.cpp(44,2): warning C4477:  'printf' : format string '%s' requires an argument of type 'char *', but variadic argument 1 has type 'const std::string'
  Models.cpp
C:\Users\black\OneDrive\Máy tính\Dont_let_money_drop\TrainingFramework\src\GameObject\Shaders.cpp(44,2): warning C4477:  'printf' : format string '%s' requires an argument of type 'char *', but variadic argument 2 has type 'const std::string'
C:\Users\black\OneDrive\Máy tính\Dont_let_money_drop\TrainingFramework\src\GameObject\Models.cpp(10,3): warning C4477:  'printf' : format string '%s' requires an argument of type 'char *', but variadic argument 1 has type 'const std::string'
C:\Users\black\OneDrive\Máy tính\Dont_let_money_drop\TrainingFramework\src\GameObject\Models.cpp(13,2): warning C4477:  'printf' : format string '%s' requires an argument of type 'char *', but variadic argument 1 has type 'const std::string'
C:\Users\black\OneDrive\Máy tính\Dont_let_money_drop\TrainingFramework\src\GameObject\Models.cpp(25,18): warning C4244:  'initializing': conversion from 'std::streamoff' to 'size_t', possible loss of data
C:\Users\black\OneDrive\Máy tính\Dont_let_money_drop\TrainingFramework\src\GameObject\Models.cpp(35,1): warning C4996:  'sscanf': This function or variable may be unsafe. Consider using sscanf_s instead. To disable deprecation, use _CRT_SECURE_NO_WARNINGS. See online help for details.
C:\Program Files (x86)\Windows Kits\10\Include\10.0.18362.0\ucrt\stdio.h(2263): message :  see declaration of 'sscanf'
C:\Users\black\OneDrive\Máy tính\Dont_let_money_drop\TrainingFramework\src\GameObject\Models.cpp(40,1): warning C4996:  'sscanf': This function or variable may be unsafe. Consider using sscanf_s instead. To disable deprecation, use _CRT_SECURE_NO_WARNINGS. See online help for details.
C:\Program Files (x86)\Windows Kits\10\Include\10.0.18362.0\ucrt\stdio.h(2263): message :  see declaration of 'sscanf'
C:\Users\black\OneDrive\Máy tính\Dont_let_money_drop\TrainingFramework\src\GameObject\Models.cpp(62,1): warning C4996:  'sscanf': This function or variable may be unsafe. Consider using sscanf_s instead. To disable deprecation, use _CRT_SECURE_NO_WARNINGS. See online help for details.
C:\Program Files (x86)\Windows Kits\10\Include\10.0.18362.0\ucrt\stdio.h(2263): message :  see declaration of 'sscanf'
C:\Users\black\OneDrive\Máy tính\Dont_let_money_drop\TrainingFramework\src\GameObject\Models.cpp(68,1): warning C4996:  'sscanf': This function or variable may be unsafe. Consider using sscanf_s instead. To disable deprecation, use _CRT_SECURE_NO_WARNINGS. See online help for details.
  Sprite3D.cpp
  Camera.cpp
  Sprite2D.cpp
C:\Program Files (x86)\Windows Kits\10\Include\10.0.18362.0\ucrt\stdio.h(2263): message :  see declaration of 'sscanf'
C:\Users\black\OneDrive\Máy tính\Dont_let_money_drop\TrainingFramework\src\GameObject\Sprite2D.cpp(143,11): warning C4244:  'initializing': conversion from 'double' to 'float', possible loss of data
C:\Users\black\OneDrive\Máy tính\Dont_let_money_drop\TrainingFramework\src\GameObject\Sprite2D.cpp(144,11): warning C4244:  'initializing': conversion from 'double' to 'float', possible loss of data
C:\Users\black\OneDrive\Máy tính\Dont_let_money_drop\TrainingFramework\src\GameObject\Sprite2D.cpp(154,11): warning C4244:  'initializing': conversion from 'double' to 'float', possible loss of data
  Player.cpp
C:\Users\black\OneDrive\Máy tính\Dont_let_money_drop\TrainingFramework\src\GameObject\Sprite2D.cpp(155,11): warning C4244:  'initializing': conversion from 'double' to 'float', possible loss of data
C:\Users\black\OneDrive\Máy tính\Dont_let_money_drop\TrainingFramework\src\GameObject\Player.cpp(16,8): warning C4101:  'm_timeContinue': unreferenced local variable
C:\Users\black\OneDrive\Máy tính\Dont_let_money_drop\TrainingFramework\src\GameObject\Player.cpp(15,8): warning C4101:  'm_maxspeed': unreferenced local variable
C:\Users\black\OneDrive\Máy tính\Dont_let_money_drop\TrainingFramework\src\GameObject\Player.cpp(12,9): warning C4101:  'm_sizecollide': unreferenced local variable
C:\Users\black\OneDrive\Máy tính\Dont_let_money_drop\TrainingFramework\src\GameObject\Player.cpp(13,8): warning C4101:  'm_damage': unreferenced local variable
C:\Users\black\OneDrive\Máy tính\Dont_let_money_drop\TrainingFramework\src\GameObject\Player.cpp(17,8): warning C4101:  'm_maxTimeContinue': unreferenced local variable
  GameButton.cpp
  Font.cpp
  Coin.cpp
  ResourceManagers.cpp
  Application.cpp
  Generating Code...
C:\Users\black\OneDrive\Máy tính\Dont_let_money_drop\TrainingFramework\src\GameObject\Player.cpp(14,8): warning C4101:  'm_speed': unreferenced local variable
Application.obj : warning LNK4075: ignoring '/EDITANDCONTINUE' due to '/SAFESEH' specification
LINK : warning LNK4098: defaultlib 'LIBCMTD' conflicts with use of other libs; use /NODEFAULTLIB:library
  TrainingFramework.vcxproj -> C:\Users\black\OneDrive\Máy tính\Dont_let_money_drop\\BIN-AMD\TrainingFramework.exe
