c:\users\black\onedrive\máy tính\dont_let_money_drop\trainingframework\debug-nvidia\vc142.pdb
c:\users\black\onedrive\máy tính\dont_let_money_drop\trainingframework\debug-nvidia\vc142.idb
c:\users\black\onedrive\máy tính\dont_let_money_drop\trainingframework\debug-nvidia\application.obj
c:\users\black\onedrive\máy tính\dont_let_money_drop\trainingframework\debug-nvidia\resourcemanagers.obj
c:\users\black\onedrive\máy tính\dont_let_money_drop\trainingframework\debug-nvidia\coin.obj
c:\users\black\onedrive\máy tính\dont_let_money_drop\trainingframework\debug-nvidia\font.obj
c:\users\black\onedrive\máy tính\dont_let_money_drop\trainingframework\debug-nvidia\gamebutton.obj
c:\users\black\onedrive\máy tính\dont_let_money_drop\trainingframework\debug-nvidia\player.obj
c:\users\black\onedrive\máy tính\dont_let_money_drop\trainingframework\debug-nvidia\sprite2d.obj
c:\users\black\onedrive\máy tính\dont_let_money_drop\trainingframework\debug-nvidia\camera.obj
c:\users\black\onedrive\máy tính\dont_let_money_drop\trainingframework\debug-nvidia\sprite3d.obj
c:\users\black\onedrive\máy tính\dont_let_money_drop\trainingframework\debug-nvidia\models.obj
c:\users\black\onedrive\máy tính\dont_let_money_drop\trainingframework\debug-nvidia\shaders.obj
c:\users\black\onedrive\máy tính\dont_let_money_drop\trainingframework\debug-nvidia\sword.obj
c:\users\black\onedrive\máy tính\dont_let_money_drop\trainingframework\debug-nvidia\text.obj
c:\users\black\onedrive\máy tính\dont_let_money_drop\trainingframework\debug-nvidia\texture.obj
c:\users\black\onedrive\máy tính\dont_let_money_drop\trainingframework\debug-nvidia\gamestatebase.obj
c:\users\black\onedrive\máy tính\dont_let_money_drop\trainingframework\debug-nvidia\gamestatemachine.obj
c:\users\black\onedrive\máy tính\dont_let_money_drop\trainingframework\debug-nvidia\gsintro.obj
c:\users\black\onedrive\máy tính\dont_let_money_drop\trainingframework\debug-nvidia\gsmenu.obj
c:\users\black\onedrive\máy tính\dont_let_money_drop\trainingframework\debug-nvidia\gsplay.obj
c:\users\black\onedrive\máy tính\dont_let_money_drop\trainingframework\debug-nvidia\trainingframework.obj
c:\users\black\onedrive\máy tính\dont_let_money_drop\bin-nvidia\trainingframework.ilk
c:\users\black\onedrive\máy tính\dont_let_money_drop\bin-nvidia\trainingframework.exe
c:\users\black\onedrive\máy tính\dont_let_money_drop\bin-nvidia\trainingframework.pdb
c:\users\black\onedrive\máy tính\dont_let_money_drop\\bin-nvidia\trainingframework.pdb
c:\users\black\onedrive\máy tính\dont_let_money_drop\\bin-nvidia\trainingframework.exe
c:\users\black\onedrive\máy tính\dont_let_money_drop\\bin-nvidia\trainingframework.ilk
c:\users\black\onedrive\máy tính\dont_let_money_drop\trainingframework\debug-nvidia\training.fc024ec8.tlog\cl.command.1.tlog
c:\users\black\onedrive\máy tính\dont_let_money_drop\trainingframework\debug-nvidia\training.fc024ec8.tlog\cl.read.1.tlog
c:\users\black\onedrive\máy tính\dont_let_money_drop\trainingframework\debug-nvidia\training.fc024ec8.tlog\cl.write.1.tlog
c:\users\black\onedrive\máy tính\dont_let_money_drop\trainingframework\debug-nvidia\training.fc024ec8.tlog\link.command.1.tlog
c:\users\black\onedrive\máy tính\dont_let_money_drop\trainingframework\debug-nvidia\training.fc024ec8.tlog\link.read.1.tlog
c:\users\black\onedrive\máy tính\dont_let_money_drop\trainingframework\debug-nvidia\training.fc024ec8.tlog\link.write.1.tlog
